app/build/outputs/logs/manifest-merger-debug-report.txt
-- Merging decision tree log ---
manifest
ADDED from src\main\AndroidManifest.xml:2:1-76:12
	package
		ADDED from src\main\AndroidManifest.xml:3:5-40
		INJECTED from src\main\AndroidManifest.xml
		INJECTED from src\main\AndroidManifest.xml
	android:versionName
		INJECTED from src\main\AndroidManifest.xml
		INJECTED from src\main\AndroidManifest.xml
	xmlns:android
		ADDED from src\main\AndroidManifest.xml:2:11-69
	android:versionCode
		INJECTED from src\main\AndroidManifest.xml
		INJECTED from src\main\AndroidManifest.xml
uses-permission#android.permission.INTERNET
ADDED from src\main\AndroidManifest.xml:5:5-67
	android:name
		ADDED from src\main\AndroidManifest.xml:5:22-64
uses-permission#android.permission.ACCESS_NETWORK_STATE
ADDED from src\main\AndroidManifest.xml:6:5-79
	android:name
		ADDED from src\main\AndroidManifest.xml:6:22-76
application
ADDED from src\main\AndroidManifest.xml:8:5-74:19
MERGED from [com.android.support:design:24.2.1] AndroidManifest.xml:22:5-20
MERGED from [com.android.support:appcompat-v7:24.2.1] AndroidManifest.xml:25:5-20
MERGED from [com.android.support:support-v4:24.2.1] AndroidManifest.xml:25:5-20
MERGED from [com.android.support:support-fragment:24.2.1] AndroidManifest.xml:25:5-20
MERGED from [com.android.support:support-media-compat:24.2.1] AndroidManifest.xml:25:5-20
MERGED from [com.android.support:support-core-utils:24.2.1] AndroidManifest.xml:25:5-20
MERGED from [com.android.support:animated-vector-drawable:24.2.1] AndroidManifest.xml:22:5-20
MERGED from [com.android.support:support-vector-drawable:24.2.1] AndroidManifest.xml:23:5-20
MERGED from [com.android.support:support-core-ui:24.2.1] AndroidManifest.xml:25:5-20
MERGED from [com.android.support:support-compat:24.2.1] AndroidManifest.xml:25:5-20
MERGED from [com.android.support.constraint:constraint-layout:1.0.2] AndroidManifest.xml:9:5-20
	android:label
		ADDED from src\main\AndroidManifest.xml:11:9-41
	android:allowBackup
		ADDED from src\main\AndroidManifest.xml:9:9-35
	android:icon
		ADDED from src\main\AndroidManifest.xml:10:9-38
	android:theme
		ADDED from src\main\AndroidManifest.xml:12:9-40
activity#com.example.hp.jmitschool.MainActivity
ADDED from src\main\AndroidManifest.xml:13:9-15:57
	android:label
		ADDED from src\main\AndroidManifest.xml:15:13-45
	android:name
		ADDED from src\main\AndroidManifest.xml:14:13-41
activity#com.example.hp.jmitschool.Webviewpdf
ADDED from src\main\AndroidManifest.xml:16:9-18:74
	android:label
		ADDED from src\main\AndroidManifest.xml:18:13-62
	android:name
		ADDED from src\main\AndroidManifest.xml:17:13-39
activity#com.example.hp.jmitschool.Mainfile
ADDED from src\main\AndroidManifest.xml:19:9-21:72
	android:label
		ADDED from src\main\AndroidManifest.xml:21:13-60
	android:name
		ADDED from src\main\AndroidManifest.xml:20:13-37
activity#com.example.hp.jmitschool.Samplepapers
ADDED from src\main\AndroidManifest.xml:22:9-24:76
	android:label
		ADDED from src\main\AndroidManifest.xml:24:13-64
	android:name
		ADDED from src\main\AndroidManifest.xml:23:13-41
activity#com.example.hp.jmitschool.Physamplepapers
ADDED from src\main\AndroidManifest.xml:25:9-27:79
	android:label
		ADDED from src\main\AndroidManifest.xml:27:13-67
	android:name
		ADDED from src\main\AndroidManifest.xml:26:13-44
activity#com.example.hp.jmitschool.Chemsamplepapers
ADDED from src\main\AndroidManifest.xml:28:9-30:80
	android:label
		ADDED from src\main\AndroidManifest.xml:30:13-68
	android:name
		ADDED from src\main\AndroidManifest.xml:29:13-45
activity#com.example.hp.jmitschool.Mathssamplepapers
ADDED from src\main\AndroidManifest.xml:31:9-33:81
	android:label
		ADDED from src\main\AndroidManifest.xml:33:13-69
	android:name
		ADDED from src\main\AndroidManifest.xml:32:13-46
activity#com.example.hp.jmitschool.Syllabus
ADDED from src\main\AndroidManifest.xml:34:9-36:72
	android:label
		ADDED from src\main\AndroidManifest.xml:36:13-60
	android:name
		ADDED from src\main\AndroidManifest.xml:35:13-37
activity#com.example.hp.jmitschool.mathsprepprs
ADDED from src\main\AndroidManifest.xml:37:9-39:76
	android:label
		ADDED from src\main\AndroidManifest.xml:39:13-64
	android:name
		ADDED from src\main\AndroidManifest.xml:38:13-41
activity#com.example.hp.jmitschool.phyprepprs
ADDED from src\main\AndroidManifest.xml:40:9-42:74
	android:label
		ADDED from src\main\AndroidManifest.xml:42:13-62
	android:name
		ADDED from src\main\AndroidManifest.xml:41:13-39
activity#com.example.hp.jmitschool.chemprepprs
ADDED from src\main\AndroidManifest.xml:43:9-45:75
	android:label
		ADDED from src\main\AndroidManifest.xml:45:13-63
	android:name
		ADDED from src\main\AndroidManifest.xml:44:13-40
activity#com.example.hp.jmitschool.welcome
ADDED from src\main\AndroidManifest.xml:46:9-54:20
	android:label
		ADDED from src\main\AndroidManifest.xml:48:13-35
	android:name
		ADDED from src\main\AndroidManifest.xml:47:13-36
intent-filter#android.intent.action.MAIN+android.intent.category.LAUNCHER
ADDED from src\main\AndroidManifest.xml:49:13-53:29
action#android.intent.action.MAIN
ADDED from src\main\AndroidManifest.xml:50:17-69
	android:name
		ADDED from src\main\AndroidManifest.xml:50:25-66
category#android.intent.category.LAUNCHER
ADDED from src\main\AndroidManifest.xml:52:17-77
	android:name
		ADDED from src\main\AndroidManifest.xml:52:27-74
activity#com.example.hp.jmitschool.physummpprs
ADDED from src\main\AndroidManifest.xml:55:9-57:75
	android:label
		ADDED from src\main\AndroidManifest.xml:57:13-63
	android:name
		ADDED from src\main\AndroidManifest.xml:56:13-40
activity#com.example.hp.jmitschool.chemsummpprs
ADDED from src\main\AndroidManifest.xml:58:9-60:76
	android:label
		ADDED from src\main\AndroidManifest.xml:60:13-64
	android:name
		ADDED from src\main\AndroidManifest.xml:59:13-41
activity#com.example.hp.jmitschool.singupform
ADDED from src\main\AndroidManifest.xml:61:9-63:74
	android:label
		ADDED from src\main\AndroidManifest.xml:63:13-62
	android:name
		ADDED from src\main\AndroidManifest.xml:62:13-39
activity#com.example.hp.jmitschool.signup_par_stu
ADDED from src\main\AndroidManifest.xml:64:9-66:78
	android:label
		ADDED from src\main\AndroidManifest.xml:66:13-66
	android:name
		ADDED from src\main\AndroidManifest.xml:65:13-43
activity#com.example.hp.jmitschool.rolechoose
ADDED from src\main\AndroidManifest.xml:67:9-69:74
	android:label
		ADDED from src\main\AndroidManifest.xml:69:13-62
	android:name
		ADDED from src\main\AndroidManifest.xml:68:13-39
activity#com.example.hp.jmitschool.signup_stu_par
ADDED from src\main\AndroidManifest.xml:70:9-72:78
	android:label
		ADDED from src\main\AndroidManifest.xml:72:13-66
	android:name
		ADDED from src\main\AndroidManifest.xml:71:13-43
activity#com.example.hp.jmitschool.AboutUs
ADDED from src\main\AndroidManifest.xml:73:9-54
	android:name
		ADDED from src\main\AndroidManifest.xml:73:19-42
uses-sdk
INJECTED from src\main\AndroidManifest.xml reason: use-sdk injection requested
MERGED from [com.android.support:design:24.2.1] AndroidManifest.xml:20:5-43
MERGED from [com.android.support:appcompat-v7:24.2.1] AndroidManifest.xml:21:5-23:78
MERGED from [com.android.support:support-v4:24.2.1] AndroidManifest.xml:21:5-23:54
MERGED from [com.android.support:support-fragment:24.2.1] AndroidManifest.xml:21:5-23:60
MERGED from [com.android.support:support-media-compat:24.2.1] AndroidManifest.xml:21:5-23:63
MERGED from [com.android.support:support-core-utils:24.2.1] AndroidManifest.xml:21:5-23:61
MERGED from [com.android.support:animated-vector-drawable:24.2.1] AndroidManifest.xml:20:5-44
MERGED from [com.android.support:support-vector-drawable:24.2.1] AndroidManifest.xml:21:5-43
MERGED from [com.android.support:recyclerview-v7:24.2.1] AndroidManifest.xml:20:5-43
MERGED from [com.android.support:support-core-ui:24.2.1] AndroidManifest.xml:21:5-23:58
MERGED from [com.android.support:support-compat:24.2.1] AndroidManifest.xml:21:5-23:58
MERGED from [com.android.support.constraint:constraint-layout:1.0.2] AndroidManifest.xml:5:5-7:41
	tools:overrideLibrary
		ADDED from [com.android.support:appcompat-v7:24.2.1] AndroidManifest.xml:23:9-75
	android:targetSdkVersion
		INJECTED from src\main\AndroidManifest.xml
		INJECTED from src\main\AndroidManifest.xml
	android:minSdkVersion
		INJECTED from src\main\AndroidManifest.xml
		INJECTED from src\main\AndroidManifest.xml